 0__ 38 32 18 12 17  9 31 39  4 13 15
 1__ 25  3 21 20 18  9 16 27
 2__ 47 37 39 24  3 12 34
 3__ 49 20 10  4 46  8 28  1 48 47  2
 4__ 45  3 12 28  0 18 17
 5__ 25  9 15 13 36 38 28 41 29
 6__  9 34 25
 7__  9 41 20 27 44 23  8 48 38 40 13 10
 8__ 19 27 18 39 45  3 14 34 24  7 36 15 13
 9__  7 26  5  6  0  1 48 37
10__ 19 27  3 49 26 24 18  7
11__ 39 42 22 33 41 15 38 17 43 20 40
12__ 41 42  4  0 39  2
13__ 43 48 29  5 40 44  7 22  0  8 19
14__ 19 39 28  8 21 26 22 20
15__ 36 11 41  5 30  8 49  0
16__ 33 48 36  1 17
17__ 42 26  0 11 35 19  4 16
18__  8  0 45 40 27 49  1 10  4
19__ 14  8 25 10 45 44 23 39 17 30 13
20__  3  7  1 11 39 14
21__ 35 32 49  1 14
22__ 23 11 29 28 13 14 49
23__ 22  7 34 19 47 39 25
24__ 40  8  2 10 31 39 36 25 34
25__  1  5 44 19 40 31  6 24 23
26__  9 42 35 36 17 39 10 14
27__  8 45 10 31  7 18 35  1
28__ 22 30 14  3 29  4 39  5 46
29__ 40 22 13 28 34 36 38  5
30__ 28 15 36 19 43
31__ 39 37 32 27 25  0 24 40
32__ 37  0 31 21 45
33__ 11 16
34__ 42 39 37  8  6 23 29  2 24
35__ 41 21 26 38 40 17 27
36__ 48 15 26  8  5 16 43 47 46 24 30 29
37__ 32  2 31 48 34 42  9
38__  0 35 44 11  5  7 29
39__ 11 43 41  8 34 31 14  2 26 12 23 19 28  0 20 24
40__ 29 24 18 25 13  7 35 11 31
41__ 12 49 35 39  7 11 15 48 46 45  5
42__ 11 12 26 34 17 37
43__ 39 13 11 36 30
44__ 25 19  7 38 13 46
45__ 18 27 19  4  8 49 41 32
46__  3 41 36 28 44
47__  2  3 23 48 36
48__ 36 37 13 41  3  7 16 47  9
49__ 41  3 45 21 10 18 15 22
-------------------- 
